2021-05-31 00:33:44.041  [RequestId: ]  [background-preinit] INFO  o.h.validator.internal.util.Version - HV000001: Hibernate Validator 6.1.7.Final
2021-05-31 00:33:46.721  [RequestId: ]  [main] INFO  c.r.r.r.RateManagementServiceApplication - No active profile set, falling back to default profiles: default
2021-05-31 00:33:48.742  [RequestId: ]  [main] INFO  o.s.d.r.c.RepositoryConfigurationDelegate - Bootstrapping Spring Data JPA repositories in DEFAULT mode.
2021-05-31 00:33:48.928  [RequestId: ]  [main] INFO  o.s.d.r.c.RepositoryConfigurationDelegate - Finished Spring Data repository scanning in 173ms. Found 1 JPA repository interfaces.
2021-05-31 00:33:49.238  [RequestId: ]  [main] WARN  o.s.boot.actuate.endpoint.EndpointId - Endpoint ID 'service-registry' contains invalid characters, please migrate to a valid format.
2021-05-31 00:33:49.533  [RequestId: ]  [main] INFO  o.s.cloud.context.scope.GenericScope - BeanFactory id=d6b1a63a-ceed-3a0b-bd6e-4219309532bd
2021-05-31 00:33:49.807  [RequestId: ]  [main] INFO  o.s.c.s.PostProcessorRegistrationDelegate$BeanPostProcessorChecker - Bean 'org.springframework.security.access.expression.method.DefaultMethodSecurityExpressionHandler@1a21f43f' of type [org.springframework.security.oauth2.provider.expression.OAuth2MethodSecurityExpressionHandler] is not eligible for getting processed by all BeanPostProcessors (for example: not eligible for auto-proxying)
2021-05-31 00:33:49.818  [RequestId: ]  [main] INFO  o.s.c.s.PostProcessorRegistrationDelegate$BeanPostProcessorChecker - Bean 'methodSecurityMetadataSource' of type [org.springframework.security.access.method.DelegatingMethodSecurityMetadataSource] is not eligible for getting processed by all BeanPostProcessors (for example: not eligible for auto-proxying)
2021-05-31 00:33:50.313  [RequestId: ]  [main] INFO  o.s.b.w.e.tomcat.TomcatWebServer - Tomcat initialized with port(s): 9000 (http)
2021-05-31 00:33:50.327  [RequestId: ]  [main] INFO  o.a.coyote.http11.Http11NioProtocol - Initializing ProtocolHandler ["http-nio-9000"]
2021-05-31 00:33:50.328  [RequestId: ]  [main] INFO  o.a.catalina.core.StandardService - Starting service [Tomcat]
2021-05-31 00:33:50.329  [RequestId: ]  [main] INFO  o.a.catalina.core.StandardEngine - Starting Servlet engine: [Apache Tomcat/9.0.46]
2021-05-31 00:33:50.851  [RequestId: ]  [main] INFO  o.a.c.c.C.[.[.[/rate-service] - Initializing Spring embedded WebApplicationContext
2021-05-31 00:33:50.852  [RequestId: ]  [main] INFO  o.s.b.w.s.c.ServletWebServerApplicationContext - Root WebApplicationContext: initialization completed in 4104 ms
2021-05-31 00:33:51.004  [RequestId: ]  [main] WARN  c.n.c.sources.URLConfigurationSource - No URLs will be polled as dynamic configuration sources.
2021-05-31 00:33:51.004  [RequestId: ]  [main] INFO  c.n.c.sources.URLConfigurationSource - To enable URLs as dynamic configuration sources, define System property archaius.configurationSource.additionalUrls or make config.properties available on classpath.
2021-05-31 00:33:51.021  [RequestId: ]  [main] INFO  c.n.config.DynamicPropertyFactory - DynamicPropertyFactory is initialized with configuration sources: com.netflix.config.ConcurrentCompositeConfiguration@3212d853
2021-05-31 00:33:51.394  [RequestId: ]  [main] INFO  com.zaxxer.hikari.HikariDataSource - HikariPool-1 - Starting...
2021-05-31 00:33:51.756  [RequestId: ]  [main] INFO  com.zaxxer.hikari.HikariDataSource - HikariPool-1 - Start completed.
2021-05-31 00:33:51.868  [RequestId: ]  [main] INFO  o.h.jpa.internal.util.LogHelper - HHH000204: Processing PersistenceUnitInfo [name: default]
2021-05-31 00:33:51.992  [RequestId: ]  [main] INFO  org.hibernate.Version - HHH000412: Hibernate ORM core version 5.4.31.Final
2021-05-31 00:33:52.262  [RequestId: ]  [main] INFO  o.h.annotations.common.Version - HCANN000001: Hibernate Commons Annotations {5.1.2.Final}
2021-05-31 00:33:52.505  [RequestId: ]  [main] INFO  org.hibernate.dialect.Dialect - HHH000400: Using dialect: org.hibernate.dialect.H2Dialect
2021-05-31 00:33:53.816  [RequestId: ]  [main] INFO  o.h.e.t.j.p.i.JtaPlatformInitiator - HHH000490: Using JtaPlatform implementation: [org.hibernate.engine.transaction.jta.platform.internal.NoJtaPlatform]
2021-05-31 00:33:53.833  [RequestId: ]  [main] INFO  o.s.o.j.LocalContainerEntityManagerFactoryBean - Initialized JPA EntityManagerFactory for persistence unit 'default'
2021-05-31 00:33:55.033  [RequestId: ]  [main] WARN  o.s.b.a.o.j.JpaBaseConfiguration$JpaWebConfiguration - spring.jpa.open-in-view is enabled by default. Therefore, database queries may be performed during view rendering. Explicitly configure spring.jpa.open-in-view to disable this warning
2021-05-31 00:33:55.182  [RequestId: ]  [main] INFO  o.s.b.a.s.s.UserDetailsServiceAutoConfiguration - 

Using generated security password: d15c6a0f-fe64-481a-9e00-69a061b8c8f6

2021-05-31 00:33:55.619  [RequestId: ]  [main] INFO  o.s.s.web.DefaultSecurityFilterChain - Creating filter chain: any request, [org.springframework.security.web.context.request.async.WebAsyncManagerIntegrationFilter@62966c9f, org.springframework.security.web.context.SecurityContextPersistenceFilter@737ae41a, org.springframework.security.web.header.HeaderWriterFilter@28b286c0, org.springframework.security.web.authentication.logout.LogoutFilter@50bc0bbd, org.springframework.security.oauth2.provider.authentication.OAuth2AuthenticationProcessingFilter@5cdf61d, org.springframework.security.web.savedrequest.RequestCacheAwareFilter@5f3fafca, org.springframework.security.web.servletapi.SecurityContextHolderAwareRequestFilter@2c28654e, org.springframework.security.web.authentication.AnonymousAuthenticationFilter@4193da4d, org.springframework.security.web.session.SessionManagementFilter@528ef230, org.springframework.security.web.access.ExceptionTranslationFilter@28705150, org.springframework.security.web.access.intercept.FilterSecurityInterceptor@73d7e7aa]
2021-05-31 00:33:55.650  [RequestId: ]  [main] WARN  c.n.c.sources.URLConfigurationSource - No URLs will be polled as dynamic configuration sources.
2021-05-31 00:33:55.650  [RequestId: ]  [main] INFO  c.n.c.sources.URLConfigurationSource - To enable URLs as dynamic configuration sources, define System property archaius.configurationSource.additionalUrls or make config.properties available on classpath.
2021-05-31 00:33:56.154  [RequestId: ]  [main] INFO  o.s.s.c.ThreadPoolTaskExecutor - Initializing ExecutorService 'applicationTaskExecutor'
2021-05-31 00:34:03.465  [RequestId: ]  [main] INFO  o.s.c.n.e.c.DiscoveryClientOptionalArgsConfiguration - Eureka HTTP Client uses Jersey
2021-05-31 00:34:03.530  [RequestId: ]  [main] WARN  o.s.c.l.c.BlockingLoadBalancerClientAutoConfiguration$BlockingLoadBalancerClientRibbonWarnLogger - You already have RibbonLoadBalancerClient on your classpath. It will be used by default. As Spring Cloud Ribbon is in maintenance mode. We recommend switching to BlockingLoadBalancerClient instead. In order to use it, set the value of `spring.cloud.loadbalancer.ribbon.enabled` to `false` or remove spring-cloud-starter-netflix-ribbon from your project.
2021-05-31 00:34:03.628  [RequestId: ]  [main] WARN  o.s.c.s.o.SpringCloudSecurityAutoConfiguration - All Spring Cloud Security modules and starters are deprecated. They will be moved to individual projects in the next major release.
2021-05-31 00:34:03.650  [RequestId: ]  [main] INFO  o.s.b.a.e.web.EndpointLinksResolver - Exposing 2 endpoint(s) beneath base path '/actuator'
2021-05-31 00:34:03.908  [RequestId: ]  [main] INFO  o.s.c.n.eureka.InstanceInfoFactory - Setting initial instance status as: STARTING
2021-05-31 00:34:03.988  [RequestId: ]  [main] INFO  c.netflix.discovery.DiscoveryClient - Initializing Eureka in region us-east-1
2021-05-31 00:34:04.482  [RequestId: ]  [main] INFO  c.n.d.p.DiscoveryJerseyProvider - Using JSON encoding codec LegacyJacksonJson
2021-05-31 00:34:04.482  [RequestId: ]  [main] INFO  c.n.d.p.DiscoveryJerseyProvider - Using JSON decoding codec LegacyJacksonJson
2021-05-31 00:34:04.800  [RequestId: ]  [main] INFO  c.n.d.p.DiscoveryJerseyProvider - Using XML encoding codec XStreamXml
2021-05-31 00:34:04.801  [RequestId: ]  [main] INFO  c.n.d.p.DiscoveryJerseyProvider - Using XML decoding codec XStreamXml
2021-05-31 00:34:05.621  [RequestId: ]  [main] INFO  c.n.d.s.r.aws.ConfigClusterResolver - Resolving eureka endpoints via configuration
2021-05-31 00:34:07.014  [RequestId: ]  [main] INFO  c.netflix.discovery.DiscoveryClient - Disable delta property : false
2021-05-31 00:34:07.015  [RequestId: ]  [main] INFO  c.netflix.discovery.DiscoveryClient - Single vip registry refresh property : null
2021-05-31 00:34:07.016  [RequestId: ]  [main] INFO  c.netflix.discovery.DiscoveryClient - Force full registry fetch : false
2021-05-31 00:34:07.016  [RequestId: ]  [main] INFO  c.netflix.discovery.DiscoveryClient - Application is null : false
2021-05-31 00:34:07.016  [RequestId: ]  [main] INFO  c.netflix.discovery.DiscoveryClient - Registered Applications size is zero : true
2021-05-31 00:34:07.016  [RequestId: ]  [main] INFO  c.netflix.discovery.DiscoveryClient - Application version is -1: true
2021-05-31 00:34:07.016  [RequestId: ]  [main] INFO  c.netflix.discovery.DiscoveryClient - Getting all instance registry info from the eureka server
2021-05-31 00:34:07.430  [RequestId: ]  [main] INFO  c.netflix.discovery.DiscoveryClient - The response status is 200
2021-05-31 00:34:07.436  [RequestId: ]  [main] INFO  c.netflix.discovery.DiscoveryClient - Starting heartbeat executor: renew interval is: 30
2021-05-31 00:34:07.443  [RequestId: ]  [main] INFO  c.n.discovery.InstanceInfoReplicator - InstanceInfoReplicator onDemand update allowed rate per min is 4
2021-05-31 00:34:07.453  [RequestId: ]  [main] INFO  c.netflix.discovery.DiscoveryClient - Discovery Client initialized at timestamp 1622406847449 with initial instances count: 1
2021-05-31 00:34:07.465  [RequestId: ]  [main] INFO  o.s.c.n.e.s.EurekaServiceRegistry - Registering application RATE-SERVICE with eureka with status UP
2021-05-31 00:34:07.466  [RequestId: ]  [main] INFO  c.netflix.discovery.DiscoveryClient - Saw local status change event StatusChangeEvent [timestamp=1622406847466, current=UP, previous=STARTING]
2021-05-31 00:34:07.471  [RequestId: ]  [DiscoveryClient-InstanceInfoReplicator-0] INFO  c.netflix.discovery.DiscoveryClient - DiscoveryClient_RATE-SERVICE/JLT01868L.emaratech.ae:rate-service:9000: registering service...
2021-05-31 00:34:07.475  [RequestId: ]  [main] INFO  o.a.coyote.http11.Http11NioProtocol - Starting ProtocolHandler ["http-nio-9000"]
2021-05-31 00:34:07.538  [RequestId: ]  [main] INFO  o.s.b.w.e.tomcat.TomcatWebServer - Tomcat started on port(s): 9000 (http) with context path '/rate-service'
2021-05-31 00:34:07.539  [RequestId: ]  [main] INFO  o.s.c.n.e.s.EurekaAutoServiceRegistration - Updating port to 9000
2021-05-31 00:34:07.561  [RequestId: ]  [DiscoveryClient-InstanceInfoReplicator-0] INFO  c.netflix.discovery.DiscoveryClient - DiscoveryClient_RATE-SERVICE/JLT01868L.emaratech.ae:rate-service:9000 - registration status: 204
2021-05-31 00:34:09.341  [RequestId: ]  [main] INFO  c.r.r.r.RateManagementServiceApplication - Started RateManagementServiceApplication in 28.823 seconds (JVM running for 35.076)
2021-05-31 00:34:11.666  [RequestId: ]  [RMI TCP Connection(8)-172.22.192.1] INFO  o.a.c.c.C.[.[.[/rate-service] - Initializing Spring DispatcherServlet 'dispatcherServlet'
2021-05-31 00:34:11.666  [RequestId: ]  [RMI TCP Connection(8)-172.22.192.1] INFO  o.s.web.servlet.DispatcherServlet - Initializing Servlet 'dispatcherServlet'
2021-05-31 00:34:11.689  [RequestId: ]  [RMI TCP Connection(8)-172.22.192.1] INFO  o.s.web.servlet.DispatcherServlet - Completed initialization in 22 ms
2021-05-31 00:39:07.023  [RequestId: ]  [AsyncResolver-bootstrap-executor-0] INFO  c.n.d.s.r.aws.ConfigClusterResolver - Resolving eureka endpoints via configuration
2021-05-31 00:44:07.039  [RequestId: ]  [AsyncResolver-bootstrap-executor-0] INFO  c.n.d.s.r.aws.ConfigClusterResolver - Resolving eureka endpoints via configuration
2021-05-31 00:49:07.054  [RequestId: ]  [AsyncResolver-bootstrap-executor-0] INFO  c.n.d.s.r.aws.ConfigClusterResolver - Resolving eureka endpoints via configuration
2021-05-31 00:54:07.063  [RequestId: ]  [AsyncResolver-bootstrap-executor-0] INFO  c.n.d.s.r.aws.ConfigClusterResolver - Resolving eureka endpoints via configuration
2021-05-31 00:59:07.079  [RequestId: ]  [AsyncResolver-bootstrap-executor-0] INFO  c.n.d.s.r.aws.ConfigClusterResolver - Resolving eureka endpoints via configuration
2021-05-31 01:04:07.082  [RequestId: ]  [AsyncResolver-bootstrap-executor-0] INFO  c.n.d.s.r.aws.ConfigClusterResolver - Resolving eureka endpoints via configuration
2021-05-31 01:09:07.112  [RequestId: ]  [AsyncResolver-bootstrap-executor-0] INFO  c.n.d.s.r.aws.ConfigClusterResolver - Resolving eureka endpoints via configuration
2021-05-31 01:14:07.167  [RequestId: ]  [AsyncResolver-bootstrap-executor-0] INFO  c.n.d.s.r.aws.ConfigClusterResolver - Resolving eureka endpoints via configuration
2021-05-31 01:19:07.183  [RequestId: ]  [AsyncResolver-bootstrap-executor-0] INFO  c.n.d.s.r.aws.ConfigClusterResolver - Resolving eureka endpoints via configuration
2021-05-31 01:20:35.651  [RequestId: ]  [background-preinit] INFO  o.h.validator.internal.util.Version - HV000001: Hibernate Validator 6.1.7.Final
2021-05-31 01:20:37.827  [RequestId: ]  [main] INFO  c.r.r.r.RateManagementServiceApplication - No active profile set, falling back to default profiles: default
2021-05-31 01:20:39.811  [RequestId: ]  [main] INFO  o.s.d.r.c.RepositoryConfigurationDelegate - Bootstrapping Spring Data JPA repositories in DEFAULT mode.
2021-05-31 01:20:39.982  [RequestId: ]  [main] INFO  o.s.d.r.c.RepositoryConfigurationDelegate - Finished Spring Data repository scanning in 156ms. Found 1 JPA repository interfaces.
2021-05-31 01:20:40.261  [RequestId: ]  [main] WARN  o.s.boot.actuate.endpoint.EndpointId - Endpoint ID 'service-registry' contains invalid characters, please migrate to a valid format.
2021-05-31 01:20:40.582  [RequestId: ]  [main] INFO  o.s.cloud.context.scope.GenericScope - BeanFactory id=4071d292-dcf6-3113-bf0a-0bfb89efb728
2021-05-31 01:20:40.869  [RequestId: ]  [main] INFO  o.s.c.s.PostProcessorRegistrationDelegate$BeanPostProcessorChecker - Bean 'org.springframework.security.access.expression.method.DefaultMethodSecurityExpressionHandler@16d0e521' of type [org.springframework.security.oauth2.provider.expression.OAuth2MethodSecurityExpressionHandler] is not eligible for getting processed by all BeanPostProcessors (for example: not eligible for auto-proxying)
2021-05-31 01:20:40.877  [RequestId: ]  [main] INFO  o.s.c.s.PostProcessorRegistrationDelegate$BeanPostProcessorChecker - Bean 'methodSecurityMetadataSource' of type [org.springframework.security.access.method.DelegatingMethodSecurityMetadataSource] is not eligible for getting processed by all BeanPostProcessors (for example: not eligible for auto-proxying)
2021-05-31 01:20:41.361  [RequestId: ]  [main] INFO  o.s.b.w.e.tomcat.TomcatWebServer - Tomcat initialized with port(s): 9000 (http)
2021-05-31 01:20:41.376  [RequestId: ]  [main] INFO  o.a.coyote.http11.Http11NioProtocol - Initializing ProtocolHandler ["http-nio-9000"]
2021-05-31 01:20:41.381  [RequestId: ]  [main] INFO  o.a.catalina.core.StandardService - Starting service [Tomcat]
2021-05-31 01:20:41.381  [RequestId: ]  [main] INFO  o.a.catalina.core.StandardEngine - Starting Servlet engine: [Apache Tomcat/9.0.46]
2021-05-31 01:20:41.727  [RequestId: ]  [main] INFO  o.a.c.c.C.[.[.[/rate-service] - Initializing Spring embedded WebApplicationContext
2021-05-31 01:20:41.727  [RequestId: ]  [main] INFO  o.s.b.w.s.c.ServletWebServerApplicationContext - Root WebApplicationContext: initialization completed in 3876 ms
2021-05-31 01:20:41.869  [RequestId: ]  [main] WARN  c.n.c.sources.URLConfigurationSource - No URLs will be polled as dynamic configuration sources.
2021-05-31 01:20:41.869  [RequestId: ]  [main] INFO  c.n.c.sources.URLConfigurationSource - To enable URLs as dynamic configuration sources, define System property archaius.configurationSource.additionalUrls or make config.properties available on classpath.
2021-05-31 01:20:41.889  [RequestId: ]  [main] INFO  c.n.config.DynamicPropertyFactory - DynamicPropertyFactory is initialized with configuration sources: com.netflix.config.ConcurrentCompositeConfiguration@7e31062c
2021-05-31 01:20:42.271  [RequestId: ]  [main] INFO  com.zaxxer.hikari.HikariDataSource - HikariPool-1 - Starting...
2021-05-31 01:20:42.451  [RequestId: ]  [main] INFO  com.zaxxer.hikari.HikariDataSource - HikariPool-1 - Start completed.
2021-05-31 01:20:42.541  [RequestId: ]  [main] INFO  o.h.jpa.internal.util.LogHelper - HHH000204: Processing PersistenceUnitInfo [name: default]
2021-05-31 01:20:42.616  [RequestId: ]  [main] INFO  org.hibernate.Version - HHH000412: Hibernate ORM core version 5.4.31.Final
2021-05-31 01:20:42.795  [RequestId: ]  [main] INFO  o.h.annotations.common.Version - HCANN000001: Hibernate Commons Annotations {5.1.2.Final}
2021-05-31 01:20:42.960  [RequestId: ]  [main] INFO  org.hibernate.dialect.Dialect - HHH000400: Using dialect: org.hibernate.dialect.H2Dialect
2021-05-31 01:20:43.816  [RequestId: ]  [main] INFO  o.h.e.t.j.p.i.JtaPlatformInitiator - HHH000490: Using JtaPlatform implementation: [org.hibernate.engine.transaction.jta.platform.internal.NoJtaPlatform]
2021-05-31 01:20:43.826  [RequestId: ]  [main] INFO  o.s.o.j.LocalContainerEntityManagerFactoryBean - Initialized JPA EntityManagerFactory for persistence unit 'default'
2021-05-31 01:20:44.597  [RequestId: ]  [main] WARN  o.s.b.a.o.j.JpaBaseConfiguration$JpaWebConfiguration - spring.jpa.open-in-view is enabled by default. Therefore, database queries may be performed during view rendering. Explicitly configure spring.jpa.open-in-view to disable this warning
2021-05-31 01:20:44.701  [RequestId: ]  [main] INFO  o.s.b.a.s.s.UserDetailsServiceAutoConfiguration - 

Using generated security password: b8ef4255-4cf5-42fb-ad02-815bbf68285d

2021-05-31 01:20:45.056  [RequestId: ]  [main] INFO  o.s.s.web.DefaultSecurityFilterChain - Creating filter chain: any request, [org.springframework.security.web.context.request.async.WebAsyncManagerIntegrationFilter@5cbaafbd, org.springframework.security.web.context.SecurityContextPersistenceFilter@c040c8d, org.springframework.security.web.header.HeaderWriterFilter@10c67c1c, org.springframework.security.web.authentication.logout.LogoutFilter@63df2eb8, org.springframework.security.oauth2.provider.authentication.OAuth2AuthenticationProcessingFilter@1dba7721, org.springframework.security.web.savedrequest.RequestCacheAwareFilter@6f627a1a, org.springframework.security.web.servletapi.SecurityContextHolderAwareRequestFilter@2bb118ae, org.springframework.security.web.authentication.AnonymousAuthenticationFilter@4f0f56f5, org.springframework.security.web.session.SessionManagementFilter@772589ed, org.springframework.security.web.access.ExceptionTranslationFilter@5c3e7128, org.springframework.security.web.access.intercept.FilterSecurityInterceptor@20724c21]
2021-05-31 01:20:45.086  [RequestId: ]  [main] WARN  c.n.c.sources.URLConfigurationSource - No URLs will be polled as dynamic configuration sources.
2021-05-31 01:20:45.086  [RequestId: ]  [main] INFO  c.n.c.sources.URLConfigurationSource - To enable URLs as dynamic configuration sources, define System property archaius.configurationSource.additionalUrls or make config.properties available on classpath.
2021-05-31 01:20:45.455  [RequestId: ]  [main] INFO  o.s.s.c.ThreadPoolTaskExecutor - Initializing ExecutorService 'applicationTaskExecutor'
2021-05-31 01:20:50.051  [RequestId: ]  [main] INFO  o.s.c.n.e.c.DiscoveryClientOptionalArgsConfiguration - Eureka HTTP Client uses Jersey
2021-05-31 01:20:50.111  [RequestId: ]  [main] WARN  o.s.c.l.c.BlockingLoadBalancerClientAutoConfiguration$BlockingLoadBalancerClientRibbonWarnLogger - You already have RibbonLoadBalancerClient on your classpath. It will be used by default. As Spring Cloud Ribbon is in maintenance mode. We recommend switching to BlockingLoadBalancerClient instead. In order to use it, set the value of `spring.cloud.loadbalancer.ribbon.enabled` to `false` or remove spring-cloud-starter-netflix-ribbon from your project.
2021-05-31 01:20:50.211  [RequestId: ]  [main] WARN  o.s.c.s.o.SpringCloudSecurityAutoConfiguration - All Spring Cloud Security modules and starters are deprecated. They will be moved to individual projects in the next major release.
2021-05-31 01:20:50.213  [RequestId: ]  [main] INFO  o.s.b.a.e.web.EndpointLinksResolver - Exposing 16 endpoint(s) beneath base path '/actuator'
2021-05-31 01:20:50.417  [RequestId: ]  [main] INFO  o.s.c.n.eureka.InstanceInfoFactory - Setting initial instance status as: STARTING
2021-05-31 01:20:50.486  [RequestId: ]  [main] INFO  c.netflix.discovery.DiscoveryClient - Initializing Eureka in region us-east-1
2021-05-31 01:20:50.896  [RequestId: ]  [main] INFO  c.n.d.p.DiscoveryJerseyProvider - Using JSON encoding codec LegacyJacksonJson
2021-05-31 01:20:50.896  [RequestId: ]  [main] INFO  c.n.d.p.DiscoveryJerseyProvider - Using JSON decoding codec LegacyJacksonJson
2021-05-31 01:20:51.161  [RequestId: ]  [main] INFO  c.n.d.p.DiscoveryJerseyProvider - Using XML encoding codec XStreamXml
2021-05-31 01:20:51.161  [RequestId: ]  [main] INFO  c.n.d.p.DiscoveryJerseyProvider - Using XML decoding codec XStreamXml
2021-05-31 01:20:51.516  [RequestId: ]  [main] INFO  c.n.d.s.r.aws.ConfigClusterResolver - Resolving eureka endpoints via configuration
2021-05-31 01:20:52.776  [RequestId: ]  [main] INFO  c.netflix.discovery.DiscoveryClient - Disable delta property : false
2021-05-31 01:20:52.776  [RequestId: ]  [main] INFO  c.netflix.discovery.DiscoveryClient - Single vip registry refresh property : null
2021-05-31 01:20:52.781  [RequestId: ]  [main] INFO  c.netflix.discovery.DiscoveryClient - Force full registry fetch : false
2021-05-31 01:20:52.781  [RequestId: ]  [main] INFO  c.netflix.discovery.DiscoveryClient - Application is null : false
2021-05-31 01:20:52.781  [RequestId: ]  [main] INFO  c.netflix.discovery.DiscoveryClient - Registered Applications size is zero : true
2021-05-31 01:20:52.781  [RequestId: ]  [main] INFO  c.netflix.discovery.DiscoveryClient - Application version is -1: true
2021-05-31 01:20:52.781  [RequestId: ]  [main] INFO  c.netflix.discovery.DiscoveryClient - Getting all instance registry info from the eureka server
2021-05-31 01:20:53.055  [RequestId: ]  [main] INFO  c.netflix.discovery.DiscoveryClient - The response status is 200
2021-05-31 01:20:53.060  [RequestId: ]  [main] INFO  c.netflix.discovery.DiscoveryClient - Starting heartbeat executor: renew interval is: 30
2021-05-31 01:20:53.060  [RequestId: ]  [main] INFO  c.n.discovery.InstanceInfoReplicator - InstanceInfoReplicator onDemand update allowed rate per min is 4
2021-05-31 01:20:53.070  [RequestId: ]  [main] INFO  c.netflix.discovery.DiscoveryClient - Discovery Client initialized at timestamp 1622409653065 with initial instances count: 2
2021-05-31 01:20:53.081  [RequestId: ]  [main] INFO  o.s.c.n.e.s.EurekaServiceRegistry - Registering application RATE-SERVICE with eureka with status UP
2021-05-31 01:20:53.081  [RequestId: ]  [main] INFO  c.netflix.discovery.DiscoveryClient - Saw local status change event StatusChangeEvent [timestamp=1622409653081, current=UP, previous=STARTING]
2021-05-31 01:20:53.086  [RequestId: ]  [main] INFO  o.a.coyote.http11.Http11NioProtocol - Starting ProtocolHandler ["http-nio-9000"]
2021-05-31 01:20:53.086  [RequestId: ]  [DiscoveryClient-InstanceInfoReplicator-0] INFO  c.netflix.discovery.DiscoveryClient - DiscoveryClient_RATE-SERVICE/JLT01868L.emaratech.ae:rate-service:9000: registering service...
2021-05-31 01:20:53.131  [RequestId: ]  [main] INFO  o.s.b.w.e.tomcat.TomcatWebServer - Tomcat started on port(s): 9000 (http) with context path '/rate-service'
2021-05-31 01:20:53.136  [RequestId: ]  [main] INFO  o.s.c.n.e.s.EurekaAutoServiceRegistration - Updating port to 9000
2021-05-31 01:20:53.156  [RequestId: ]  [DiscoveryClient-InstanceInfoReplicator-0] INFO  c.netflix.discovery.DiscoveryClient - DiscoveryClient_RATE-SERVICE/JLT01868L.emaratech.ae:rate-service:9000 - registration status: 204
2021-05-31 01:20:54.500  [RequestId: ]  [main] INFO  c.r.r.r.RateManagementServiceApplication - Started RateManagementServiceApplication in 20.909 seconds (JVM running for 24.862)
2021-05-31 01:20:56.046  [RequestId: ]  [RMI TCP Connection(5)-172.22.192.1] INFO  o.a.c.c.C.[.[.[/rate-service] - Initializing Spring DispatcherServlet 'dispatcherServlet'
2021-05-31 01:20:56.046  [RequestId: ]  [RMI TCP Connection(5)-172.22.192.1] INFO  o.s.web.servlet.DispatcherServlet - Initializing Servlet 'dispatcherServlet'
2021-05-31 01:20:56.066  [RequestId: ]  [RMI TCP Connection(5)-172.22.192.1] INFO  o.s.web.servlet.DispatcherServlet - Completed initialization in 20 ms
2021-05-31 01:25:52.935  [RequestId: ]  [AsyncResolver-bootstrap-executor-0] INFO  c.n.d.s.r.aws.ConfigClusterResolver - Resolving eureka endpoints via configuration
2021-05-31 01:30:52.953  [RequestId: ]  [AsyncResolver-bootstrap-executor-0] INFO  c.n.d.s.r.aws.ConfigClusterResolver - Resolving eureka endpoints via configuration
